# JRE version: Java(TM) SE Runtime Environment (8.0_111-b14) (build 1.8.0_111-b14)
# Java VM: Java HotSpot(TM) 64-Bit Server VM (25.111-b14 mixed mode bsd-amd64 compressed oops)
Heap:
 PSYoungGen      total 24576K, used 1754K [0x0000000795580000, 0x0000000796f00000, 0x00000007c0000000)
  eden space 24064K, 6% used [0x0000000795580000,0x0000000795716b98,0x0000000796d00000)
  from space 512K, 25% used [0x0000000796e00000,0x0000000796e20000,0x0000000796e80000)
  to   space 512K, 0% used [0x0000000796e80000,0x0000000796e80000,0x0000000796f00000)
 ParOldGen       total 87552K, used 24000K [0x0000000740000000, 0x0000000745580000, 0x0000000795580000)
  object space 87552K, 27% used [0x0000000740000000,0x00000007417702f8,0x0000000745580000)
 Metaspace       used 19239K, capacity 19439K, committed 19712K, reserved 1067008K
  class space    used 1876K, capacity 1952K, committed 2048K, reserved 1048576K
GC Heap History (10 events):
Event: 17845.388 GC heap before
{Heap before GC invocations=4753 (full 0):
 PSYoungGen      total 24576K, used 24160K [0x0000000795580000, 0x0000000796f00000, 0x00000007c0000000)
  eden space 24064K, 100% used [0x0000000795580000,0x0000000796d00000,0x0000000796d00000)
  from space 512K, 18% used [0x0000000796e80000,0x0000000796e98000,0x0000000796f00000)
  to   space 512K, 0% used [0x0000000796e00000,0x0000000796e00000,0x0000000796e80000)
 ParOldGen       total 87552K, used 24000K [0x0000000740000000, 0x0000000745580000, 0x0000000795580000)
  object space 87552K, 27% used [0x0000000740000000,0x00000007417702f8,0x0000000745580000)
 Metaspace       used 19171K, capacity 19343K, committed 19584K, reserved 1067008K
  class space    used 1868K, capacity 1920K, committed 1920K, reserved 1048576K
Event: 17845.389 GC heap after
Heap after GC invocations=4753 (full 0):
 PSYoungGen      total 24576K, used 64K [0x0000000795580000, 0x0000000796f00000, 0x00000007c0000000)
  eden space 24064K, 0% used [0x0000000795580000,0x0000000795580000,0x0000000796d00000)
  from space 512K, 12% used [0x0000000796e00000,0x0000000796e10000,0x0000000796e80000)
  to   space 512K, 0% used [0x0000000796e80000,0x0000000796e80000,0x0000000796f00000)
 ParOldGen       total 87552K, used 24000K [0x0000000740000000, 0x0000000745580000, 0x0000000795580000)
  object space 87552K, 27% used [0x0000000740000000,0x00000007417702f8,0x0000000745580000)
 Metaspace       used 19171K, capacity 19343K, committed 19584K, reserved 1067008K
  class space    used 1868K, capacity 1920K, committed 1920K, reserved 1048576K
}
Event: 17849.106 GC heap before
{Heap before GC invocations=4754 (full 0):
 PSYoungGen      total 24576K, used 24128K [0x0000000795580000, 0x0000000796f00000, 0x00000007c0000000)
  eden space 24064K, 100% used [0x0000000795580000,0x0000000796d00000,0x0000000796d00000)
  from space 512K, 12% used [0x0000000796e00000,0x0000000796e10000,0x0000000796e80000)
  to   space 512K, 0% used [0x0000000796e80000,0x0000000796e80000,0x0000000796f00000)
 ParOldGen       total 87552K, used 24000K [0x0000000740000000, 0x0000000745580000, 0x0000000795580000)
  object space 87552K, 27% used [0x0000000740000000,0x00000007417702f8,0x0000000745580000)
 Metaspace       used 19171K, capacity 19343K, committed 19584K, reserved 1067008K
  class space    used 1868K, capacity 1920K, committed 1920K, reserved 1048576K
Event: 17849.108 GC heap after
Heap after GC invocations=4754 (full 0):
 PSYoungGen      total 24576K, used 96K [0x0000000795580000, 0x0000000796f00000, 0x00000007c0000000)
  eden space 24064K, 0% used [0x0000000795580000,0x0000000795580000,0x0000000796d00000)
  from space 512K, 18% used [0x0000000796e80000,0x0000000796e98000,0x0000000796f00000)
  to   space 512K, 0% used [0x0000000796e00000,0x0000000796e00000,0x0000000796e80000)
 ParOldGen       total 87552K, used 24000K [0x0000000740000000, 0x0000000745580000, 0x0000000795580000)
  object space 87552K, 27% used [0x0000000740000000,0x00000007417702f8,0x0000000745580000)
 Metaspace       used 19171K, capacity 19343K, committed 19584K, reserved 1067008K
  class space    used 1868K, capacity 1920K, committed 1920K, reserved 1048576K
}
Event: 17852.823 GC heap before
{Heap before GC invocations=4755 (full 0):
 PSYoungGen      total 24576K, used 24160K [0x0000000795580000, 0x0000000796f00000, 0x00000007c0000000)
  eden space 24064K, 100% used [0x0000000795580000,0x0000000796d00000,0x0000000796d00000)
  from space 512K, 18% used [0x0000000796e80000,0x0000000796e98000,0x0000000796f00000)
  to   space 512K, 0% used [0x0000000796e00000,0x0000000796e00000,0x0000000796e80000)
 ParOldGen       total 87552K, used 24000K [0x0000000740000000, 0x0000000745580000, 0x0000000795580000)
  object space 87552K, 27% used [0x0000000740000000,0x00000007417702f8,0x0000000745580000)
 Metaspace       used 19171K, capacity 19343K, committed 19584K, reserved 1067008K
  class space    used 1868K, capacity 1920K, committed 1920K, reserved 1048576K
Event: 17852.824 GC heap after
Heap after GC invocations=4755 (full 0):
 PSYoungGen      total 24576K, used 64K [0x0000000795580000, 0x0000000796f00000, 0x00000007c0000000)
  eden space 24064K, 0% used [0x0000000795580000,0x0000000795580000,0x0000000796d00000)
  from space 512K, 12% used [0x0000000796e00000,0x0000000796e10000,0x0000000796e80000)
  to   space 512K, 0% used [0x0000000796e80000,0x0000000796e80000,0x0000000796f00000)
 ParOldGen       total 87552K, used 24000K [0x0000000740000000, 0x0000000745580000, 0x0000000795580000)
  object space 87552K, 27% used [0x0000000740000000,0x00000007417702f8,0x0000000745580000)
 Metaspace       used 19171K, capacity 19343K, committed 19584K, reserved 1067008K
  class space    used 1868K, capacity 1920K, committed 1920K, reserved 1048576K
}
Event: 17856.543 GC heap before
{Heap before GC invocations=4756 (full 0):
 PSYoungGen      total 24576K, used 24128K [0x0000000795580000, 0x0000000796f00000, 0x00000007c0000000)
  eden space 24064K, 100% used [0x0000000795580000,0x0000000796d00000,0x0000000796d00000)
  from space 512K, 12% used [0x0000000796e00000,0x0000000796e10000,0x0000000796e80000)
  to   space 512K, 0% used [0x0000000796e80000,0x0000000796e80000,0x0000000796f00000)
 ParOldGen       total 87552K, used 24000K [0x0000000740000000, 0x0000000745580000, 0x0000000795580000)
  object space 87552K, 27% used [0x0000000740000000,0x00000007417702f8,0x0000000745580000)
 Metaspace       used 19171K, capacity 19343K, committed 19584K, reserved 1067008K
  class space    used 1868K, capacity 1920K, committed 1920K, reserved 1048576K
Event: 17856.544 GC heap after
Heap after GC invocations=4756 (full 0):
 PSYoungGen      total 24576K, used 64K [0x0000000795580000, 0x0000000796f00000, 0x00000007c0000000)
  eden space 24064K, 0% used [0x0000000795580000,0x0000000795580000,0x0000000796d00000)
  from space 512K, 12% used [0x0000000796e80000,0x0000000796e90000,0x0000000796f00000)
  to   space 512K, 0% used [0x0000000796e00000,0x0000000796e00000,0x0000000796e80000)
 ParOldGen       total 87552K, used 24000K [0x0000000740000000, 0x0000000745580000, 0x0000000795580000)
  object space 87552K, 27% used [0x0000000740000000,0x00000007417702f8,0x0000000745580000)
 Metaspace       used 19171K, capacity 19343K, committed 19584K, reserved 1067008K
  class space    used 1868K, capacity 1920K, committed 1920K, reserved 1048576K
}
Event: 17860.196 GC heap before
{Heap before GC invocations=4757 (full 0):
 PSYoungGen      total 24576K, used 24128K [0x0000000795580000, 0x0000000796f00000, 0x00000007c0000000)
  eden space 24064K, 100% used [0x0000000795580000,0x0000000796d00000,0x0000000796d00000)
  from space 512K, 12% used [0x0000000796e80000,0x0000000796e90000,0x0000000796f00000)
  to   space 512K, 0% used [0x0000000796e00000,0x0000000796e00000,0x0000000796e80000)
 ParOldGen       total 87552K, used 24000K [0x0000000740000000, 0x0000000745580000, 0x0000000795580000)
  object space 87552K, 27% used [0x0000000740000000,0x00000007417702f8,0x0000000745580000)
 Metaspace       used 19212K, capacity 19439K, committed 19712K, reserved 1067008K
  class space    used 1870K, capacity 1952K, committed 2048K, reserved 1048576K
Event: 17860.198 GC heap after
Heap after GC invocations=4757 (full 0):
 PSYoungGen      total 24576K, used 128K [0x0000000795580000, 0x0000000796f00000, 0x00000007c0000000)
  eden space 24064K, 0% used [0x0000000795580000,0x0000000795580000,0x0000000796d00000)
  from space 512K, 25% used [0x0000000796e00000,0x0000000796e20000,0x0000000796e80000)
  to   space 512K, 0% used [0x0000000796e80000,0x0000000796e80000,0x0000000796f00000)
 ParOldGen       total 87552K, used 24000K [0x0000000740000000, 0x0000000745580000, 0x0000000795580000)
  object space 87552K, 27% used [0x0000000740000000,0x00000007417702f8,0x0000000745580000)
 Metaspace       used 19212K, capacity 19439K, committed 19712K, reserved 1067008K
  class space    used 1870K, capacity 1952K, committed 2048K, reserved 1048576K
}

