# JRE version: Java(TM) SE Runtime Environment (8.0_111-b14) (build 1.8.0_111-b14)
# Java VM: Java HotSpot(TM) 64-Bit Server VM (25.111-b14 mixed mode bsd-amd64 compressed oops)
Heap:
 PSYoungGen      total 44544K, used 12285K [0x0000000795580000, 0x0000000798f00000, 0x00000007c0000000)
  eden space 31232K, 38% used [0x0000000795580000,0x000000079615f7d0,0x0000000797400000)
  from space 13312K, 0% used [0x0000000798180000,0x00000007981a0000,0x0000000798e80000)
  to   space 13824K, 0% used [0x0000000797400000,0x0000000797400000,0x0000000798180000)
 ParOldGen       total 87552K, used 16455K [0x0000000740000000, 0x0000000745580000, 0x0000000795580000)
  object space 87552K, 18% used [0x0000000740000000,0x0000000741011d00,0x0000000745580000)
 Metaspace       used 19147K, capacity 19315K, committed 19456K, reserved 1067008K
  class space    used 1878K, capacity 1952K, committed 2048K, reserved 1048576K
GC Heap History (10 events):
Event: 12.411 GC heap before
{Heap before GC invocations=4 (full 0):
 PSYoungGen      total 38400K, used 38387K [0x0000000795580000, 0x0000000798000000, 0x00000007c0000000)
  eden space 33280K, 100% used [0x0000000795580000,0x0000000797600000,0x0000000797600000)
  from space 5120K, 99% used [0x0000000797600000,0x0000000797afccd0,0x0000000797b00000)
  to   space 5120K, 0% used [0x0000000797b00000,0x0000000797b00000,0x0000000798000000)
 ParOldGen       total 87552K, used 11461K [0x0000000740000000, 0x0000000745580000, 0x0000000795580000)
  object space 87552K, 13% used [0x0000000740000000,0x0000000740b31478,0x0000000745580000)
 Metaspace       used 19088K, capacity 19311K, committed 19456K, reserved 1067008K
  class space    used 1870K, capacity 1952K, committed 2048K, reserved 1048576K
Event: 12.417 GC heap after
Heap after GC invocations=4 (full 0):
 PSYoungGen      total 38400K, used 5075K [0x0000000795580000, 0x0000000798000000, 0x00000007c0000000)
  eden space 33280K, 0% used [0x0000000795580000,0x0000000795580000,0x0000000797600000)
  from space 5120K, 99% used [0x0000000797b00000,0x0000000797ff4cd0,0x0000000798000000)
  to   space 5120K, 0% used [0x0000000797600000,0x0000000797600000,0x0000000797b00000)
 ParOldGen       total 87552K, used 11461K [0x0000000740000000, 0x0000000745580000, 0x0000000795580000)
  object space 87552K, 13% used [0x0000000740000000,0x0000000740b31478,0x0000000745580000)
 Metaspace       used 19088K, capacity 19311K, committed 19456K, reserved 1067008K
  class space    used 1870K, capacity 1952K, committed 2048K, reserved 1048576K
}
Event: 20.180 GC heap before
{Heap before GC invocations=5 (full 0):
 PSYoungGen      total 38400K, used 38355K [0x0000000795580000, 0x0000000798000000, 0x00000007c0000000)
  eden space 33280K, 100% used [0x0000000795580000,0x0000000797600000,0x0000000797600000)
  from space 5120K, 99% used [0x0000000797b00000,0x0000000797ff4cd0,0x0000000798000000)
  to   space 5120K, 0% used [0x0000000797600000,0x0000000797600000,0x0000000797b00000)
 ParOldGen       total 87552K, used 11461K [0x0000000740000000, 0x0000000745580000, 0x0000000795580000)
  object space 87552K, 13% used [0x0000000740000000,0x0000000740b31478,0x0000000745580000)
 Metaspace       used 19097K, capacity 19311K, committed 19456K, reserved 1067008K
  class space    used 1870K, capacity 1952K, committed 2048K, reserved 1048576K
Event: 20.187 GC heap after
Heap after GC invocations=5 (full 0):
 PSYoungGen      total 37888K, used 5075K [0x0000000795580000, 0x0000000799080000, 0x00000007c0000000)
  eden space 32768K, 0% used [0x0000000795580000,0x0000000795580000,0x0000000797580000)
  from space 5120K, 99% used [0x0000000797600000,0x0000000797af4cb0,0x0000000797b00000)
  to   space 13824K, 0% used [0x0000000798300000,0x0000000798300000,0x0000000799080000)
 ParOldGen       total 87552K, used 11469K [0x0000000740000000, 0x0000000745580000, 0x0000000795580000)
  object space 87552K, 13% used [0x0000000740000000,0x0000000740b33478,0x0000000745580000)
 Metaspace       used 19097K, capacity 19311K, committed 19456K, reserved 1067008K
  class space    used 1870K, capacity 1952K, committed 2048K, reserved 1048576K
}
Event: 27.865 GC heap before
{Heap before GC invocations=6 (full 0):
 PSYoungGen      total 37888K, used 37843K [0x0000000795580000, 0x0000000799080000, 0x00000007c0000000)
  eden space 32768K, 100% used [0x0000000795580000,0x0000000797580000,0x0000000797580000)
  from space 5120K, 99% used [0x0000000797600000,0x0000000797af4cb0,0x0000000797b00000)
  to   space 13824K, 0% used [0x0000000798300000,0x0000000798300000,0x0000000799080000)
 ParOldGen       total 87552K, used 11469K [0x0000000740000000, 0x0000000745580000, 0x0000000795580000)
  object space 87552K, 13% used [0x0000000740000000,0x0000000740b33478,0x0000000745580000)
 Metaspace       used 19098K, capacity 19311K, committed 19456K, reserved 1067008K
  class space    used 1870K, capacity 1952K, committed 2048K, reserved 1048576K
Event: 27.873 GC heap after
Heap after GC invocations=6 (full 0):
 PSYoungGen      total 44544K, used 5075K [0x0000000795580000, 0x0000000798f00000, 0x00000007c0000000)
  eden space 32256K, 0% used [0x0000000795580000,0x0000000795580000,0x0000000797500000)
  from space 12288K, 41% used [0x0000000798300000,0x00000007987f4cb0,0x0000000798f00000)
  to   space 13312K, 0% used [0x0000000797500000,0x0000000797500000,0x0000000798200000)
 ParOldGen       total 87552K, used 11477K [0x0000000740000000, 0x0000000745580000, 0x0000000795580000)
  object space 87552K, 13% used [0x0000000740000000,0x0000000740b35478,0x0000000745580000)
 Metaspace       used 19098K, capacity 19311K, committed 19456K, reserved 1067008K
  class space    used 1870K, capacity 1952K, committed 2048K, reserved 1048576K
}
Event: 35.451 GC heap before
{Heap before GC invocations=7 (full 0):
 PSYoungGen      total 44544K, used 37331K [0x0000000795580000, 0x0000000798f00000, 0x00000007c0000000)
  eden space 32256K, 100% used [0x0000000795580000,0x0000000797500000,0x0000000797500000)
  from space 12288K, 41% used [0x0000000798300000,0x00000007987f4cb0,0x0000000798f00000)
  to   space 13312K, 0% used [0x0000000797500000,0x0000000797500000,0x0000000798200000)
 ParOldGen       total 87552K, used 11477K [0x0000000740000000, 0x0000000745580000, 0x0000000795580000)
  object space 87552K, 13% used [0x0000000740000000,0x0000000740b35478,0x0000000745580000)
 Metaspace       used 19099K, capacity 19311K, committed 19456K, reserved 1067008K
  class space    used 1870K, capacity 1952K, committed 2048K, reserved 1048576K
Event: 35.458 GC heap after
Heap after GC invocations=7 (full 0):
 PSYoungGen      total 33792K, used 1888K [0x0000000795580000, 0x0000000798e80000, 0x00000007c0000000)
  eden space 31744K, 0% used [0x0000000795580000,0x0000000795580000,0x0000000797480000)
  from space 2048K, 92% used [0x0000000797500000,0x00000007976d8070,0x0000000797700000)
  to   space 13312K, 0% used [0x0000000798180000,0x0000000798180000,0x0000000798e80000)
 ParOldGen       total 87552K, used 14607K [0x0000000740000000, 0x0000000745580000, 0x0000000795580000)
  object space 87552K, 16% used [0x0000000740000000,0x0000000740e43c90,0x0000000745580000)
 Metaspace       used 19099K, capacity 19311K, committed 19456K, reserved 1067008K
  class space    used 1870K, capacity 1952K, committed 2048K, reserved 1048576K
}
Event: 42.944 GC heap before
{Heap before GC invocations=8 (full 0):
 PSYoungGen      total 33792K, used 33632K [0x0000000795580000, 0x0000000798e80000, 0x00000007c0000000)
  eden space 31744K, 100% used [0x0000000795580000,0x0000000797480000,0x0000000797480000)
  from space 2048K, 92% used [0x0000000797500000,0x00000007976d8070,0x0000000797700000)
  to   space 13312K, 0% used [0x0000000798180000,0x0000000798180000,0x0000000798e80000)
 ParOldGen       total 87552K, used 14607K [0x0000000740000000, 0x0000000745580000, 0x0000000795580000)
  object space 87552K, 16% used [0x0000000740000000,0x0000000740e43c90,0x0000000745580000)
 Metaspace       used 19099K, capacity 19311K, committed 19456K, reserved 1067008K
  class space    used 1870K, capacity 1952K, committed 2048K, reserved 1048576K
Event: 42.946 GC heap after
Heap after GC invocations=8 (full 0):
 PSYoungGen      total 44544K, used 128K [0x0000000795580000, 0x0000000798f00000, 0x00000007c0000000)
  eden space 31232K, 0% used [0x0000000795580000,0x0000000795580000,0x0000000797400000)
  from space 13312K, 0% used [0x0000000798180000,0x00000007981a0000,0x0000000798e80000)
  to   space 13824K, 0% used [0x0000000797400000,0x0000000797400000,0x0000000798180000)
 ParOldGen       total 87552K, used 16455K [0x0000000740000000, 0x0000000745580000, 0x0000000795580000)
  object space 87552K, 18% used [0x0000000740000000,0x0000000741011d00,0x0000000745580000)
 Metaspace       used 19099K, capacity 19311K, committed 19456K, reserved 1067008K
  class space    used 1870K, capacity 1952K, committed 2048K, reserved 1048576K
}

